<?xml version="1.0" encoding="UTF-8"?>
<!-- Generated by org.testng.reporters.JUnitXMLReporter -->
<testsuite ignored="0" hostname="Rakeshs-MacBook-Air.local" failures="0" tests="23" name="Default test" time="3.676" errors="0" timestamp="2024-08-30T23:58:57 IST">
  <testcase classname="Jenkins.TestCase" name="VerifyTitle" time="1.174"/>
  <testcase classname="Jenkins.TestCase" name="testAddition" time="0.002"/>
  <testcase classname="Jenkins.TestCase" name="testAddition1" time="0.002"/>
  <testcase classname="Jenkins.TestCase" name="testArrayContains" time="0.001"/>
  <testcase classname="Jenkins.TestCase" name="testArrayEquality" time="0.001"/>
  <testcase classname="Jenkins.TestCase" name="testArrayLength" time="0.001"/>
  <testcase classname="Jenkins.TestCase" name="testArrayNotEqual" time="0.002"/>
  <testcase classname="Jenkins.TestCase" name="testBooleanAssertion" time="0.001"/>
  <testcase classname="Jenkins.TestCase" name="testDivision" time="0.002"/>
  <testcase classname="Jenkins.TestCase" name="testDoubleEquality" time="0.0"/>
  <testcase classname="Jenkins.TestCase" name="testElementVisibility" time="0.999"/>
  <testcase classname="Jenkins.TestCase" name="testIsFalse" time="0.001"/>
  <testcase classname="Jenkins.TestCase" name="testIsNotNull" time="0.002"/>
  <testcase classname="Jenkins.TestCase" name="testIsNull" time="0.004"/>
  <testcase classname="Jenkins.TestCase" name="testIsTrue" time="0.001"/>
  <testcase classname="Jenkins.TestCase" name="testMultiplication" time="0.001"/>
  <testcase classname="Jenkins.TestCase" name="testStringConcatenation" time="0.0"/>
  <testcase classname="Jenkins.TestCase" name="testStringContains" time="0.001"/>
  <testcase classname="Jenkins.TestCase" name="testStringEndsWith" time="0.0"/>
  <testcase classname="Jenkins.TestCase" name="testStringEquality" time="0.002"/>
  <testcase classname="Jenkins.TestCase" name="testStringLength" time="0.002"/>
  <testcase classname="Jenkins.TestCase" name="testStringStartsWith" time="0.002"/>
  <testcase classname="Jenkins.TestCase" name="testSubtraction" time="0.001"/>
</testsuite> <!-- Default test -->
